c:\users\natha\source\repos\boomboyb2d\hw2\debug\boomboy.pch
c:\users\natha\source\repos\boomboyb2d\hw2\debug\vc141.pdb
c:\users\natha\source\repos\boomboyb2d\hw2\debug\vc141.idb
c:\users\natha\source\repos\boomboyb2d\hw2\debug\stdafx.obj
c:\users\natha\source\repos\boomboyb2d\hw2\debug\player.obj
c:\users\natha\source\repos\boomboyb2d\hw2\debug\platform.obj
c:\users\natha\source\repos\boomboyb2d\hw2\debug\helper.obj
c:\users\natha\source\repos\boomboyb2d\hw2\debug\gameobject.obj
c:\users\natha\source\repos\boomboyb2d\hw2\debug\complexplatform.obj
c:\users\natha\source\repos\boomboyb2d\hw2\debug\camera.obj
c:\users\natha\source\repos\boomboyb2d\hw2\debug\main.obj
c:\users\natha\source\repos\boomboyb2d\debug\boomboy.exe
c:\users\natha\source\repos\boomboyb2d\debug\boomboy.ilk
c:\users\natha\source\repos\boomboyb2d\debug\boomboy.pdb
c:\users\natha\source\repos\boomboyb2d\hw2\debug\boomboy.tlog\cl.command.1.tlog
c:\users\natha\source\repos\boomboyb2d\hw2\debug\boomboy.tlog\cl.read.1.tlog
c:\users\natha\source\repos\boomboyb2d\hw2\debug\boomboy.tlog\cl.write.1.tlog
c:\users\natha\source\repos\boomboyb2d\hw2\debug\boomboy.tlog\link.command.1.tlog
c:\users\natha\source\repos\boomboyb2d\hw2\debug\boomboy.tlog\link.read.1.tlog
c:\users\natha\source\repos\boomboyb2d\hw2\debug\boomboy.tlog\link.write.1.tlog
